   1              		.file	"hwinit.c"
   2              		.h8300s
  10              	.Ltext0:
  11              		.align 1
  12              		.global _hw_initialise
  13              	_hw_initialise:
  14              	.LFB0:
  15              	.LM1:
  16 0000 01006DF6 		mov.l	er6,@-er7
  17              	.LCFI0:
  18 0004 0FF6     		mov.l	er7,er6
  19              	.LCFI1:
  20              	.LM2:
  21 0006 01006D76 		mov.l	@er7+,er6
  22 000a 5470     		rts
  23              	.LFE0:
  63              	.Letext0:


==============================================================

Listfile generated by KPIT GNUH8 [ELF]-v11.02 on Thursday, February 23, 2012, 14:00:24

Build options:

-c -x c
-ms -ms2600
-I "c:\program files\renesas\hew\tools\kpit cummins\gnuh8-elf\v11.02\h8300-elf\h8300-elf\optlibinc"
-I "c:\program files\renesas\hew\tools\kpit cummins\gnuh8-elf\v11.02\h8300-elf\lib\gcc\h8300-elf\4.5-GNUH8_v11.02\optlibinc"
-D DEBUG
-Wa,-alhdn="D:\MCU\H8S\Asembler H8S\Workspace_POT\C_Asm\Debug\hwinit.lst"
-nostdinc
"D:\MCU\H8S\Asembler H8S\Workspace_POT\C_Asm\hwinit.c"
-mno-quickcall
-g
-g2
-o "D:\MCU\H8S\Asembler H8S\Workspace_POT\C_Asm\Debug\hwinit.o"
