   1              		.file	"vects.c"
   2              		.h8300s
  10              	.Ltext0:
  11              		.global _HardwareVectors
  12              		.section	.vects,"aw",@progbits
  13              		.align 2
  16              	_HardwareVectors:
  17 0000 00000000 		.long	_start
  18 0004 00000000 		.long	_INT_Manual_Reset
  19              		.section .text
  20              	.Letext0:


==============================================================

Listfile generated by KPIT GNUH8 [ELF]-v11.02 on Thursday, February 23, 2012, 14:00:25

Build options:

-c -x c
-ms -ms2600
-I "c:\program files\renesas\hew\tools\kpit cummins\gnuh8-elf\v11.02\h8300-elf\h8300-elf\optlibinc"
-I "c:\program files\renesas\hew\tools\kpit cummins\gnuh8-elf\v11.02\h8300-elf\lib\gcc\h8300-elf\4.5-GNUH8_v11.02\optlibinc"
-D DEBUG
-Wa,-alhdn="D:\MCU\H8S\Asembler H8S\Workspace_POT\C_Asm\Debug\vects.lst"
-nostdinc
"D:\MCU\H8S\Asembler H8S\Workspace_POT\C_Asm\vects.c"
-mno-quickcall
-g
-g2
-o "D:\MCU\H8S\Asembler H8S\Workspace_POT\C_Asm\Debug\vects.o"
