   1              		.file	"vects.c"
   2              		.h8300s
  10              	.Ltext0:
  11              		.global _HardwareVectors
  12              		.section	.vects,"a",@progbits
  13              		.align 2
  16              	_HardwareVectors:
  17 0000 00000000 		.long	_start
  18              		.section .text
  19              	.Letext0:
DEFINED SYMBOLS
                            *ABS*:00000000 vects.c
C:\Users\Martin\AppData\Local\Temp\ccOAEKav.s:16     .vects:00000000 _HardwareVectors
                    .debug_abbrev:00000000 .Ldebug_abbrev0
                       .debug_str:0000004b .LASF0
                       .debug_str:00000010 .LASF1
                            .text:00000000 .Ltext0
                            .text:00000000 .Letext0
                      .debug_line:00000000 .Ldebug_line0
                       .debug_str:00000062 .LASF2
                       .debug_str:00000000 .LASF3
                      .debug_info:00000000 .Ldebug_info0

UNDEFINED SYMBOLS
_start


==============================================================

Listfile generated by KPIT GNUH8 [ELF]-v11.02 on Saturday, May 09, 2015, 21:25:08

Build options:

-c -x c
-ms -ms2600
-I "c:\school\pot\hew\tools\kpit cummins\gnuh8-elf\v11.02\h8300-elf\h8300-elf\optlibinc"
-I "c:\school\pot\hew\tools\kpit cummins\gnuh8-elf\v11.02\h8300-elf\lib\gcc\h8300-elf\4.5-GNUH8_v11.02\optlibinc"
-D DEBUG
-Wa,-alshdn="C:\School\POT\Workspace\Workspace_POT\Simulated_IO\Debug\vects.lst"
-nostdinc
"C:\School\POT\Workspace\Workspace_POT\Simulated_IO\vects.c"
-g
-g2
-o "C:\School\POT\Workspace\Workspace_POT\Simulated_IO\Debug\vects.o"
